10:00:59 **** Build of configuration Debug for project LwIP_HTTP_Server_Netconn_RTOS ****
make -j12 all 
arm-none-eabi-gcc "C:/Users/theon/OneDrive/CPE/Année 2021-2022/Environements communicants/workspace/LwIP_HTTP_Server_Netconn_RTOS/Middlewares/Third_Party/LwIP/src/apps/http/fs.c" -mcpu=cortex-m7 -std=gnu11 -g3 -DUSE_HAL_DRIVER -DSTM32F746xx -DUSE_STM32746G_DISCOVERY -c -I../../../Inc -I../../../Src -I../../../Drivers/CMSIS/Device/ST/STM32F7xx/Include -I../../../Drivers/STM32F7xx_HAL_Driver/Inc -I../../../Drivers/BSP/STM32746G-Discovery -I../../../Drivers/BSP/Components/Common -I../../../Drivers/BSP/Components -I../../../Middlewares/Third_Party/LwIP/src/include -I../../../Middlewares/Third_Party/LwIP/system -I../../../Middlewares/Third_Party/FreeRTOS/Source/portable/GCC/ARM_CM7/r0p1 -I../../../Middlewares/Third_Party/FreeRTOS/Source -I../../../Middlewares/Third_Party/FreeRTOS/Source/CMSIS_RTOS -I../../../Middlewares/Third_Party/FreeRTOS/Source/include -I../../../Utilities -I../../../Utilities/Log -I../../../Drivers/CMSIS/Include -Os -ffunction-sections -Wall -fstack-usage -MMD -MP -MF"Middlewares/LwIP/apps/http/fs.d" -MT"Middlewares/LwIP/apps/http/fs.o" --specs=nano.specs -mfpu=fpv5-sp-d16 -mfloat-abi=hard -mthumb -o "Middlewares/LwIP/apps/http/fs.o"
arm-none-eabi-gcc "C:/Users/theon/OneDrive/CPE/Année 2021-2022/Environements communicants/workspace/LwIP_HTTP_Server_Netconn_RTOS/Middlewares/Third_Party/LwIP/src/apps/http/httpd.c" -mcpu=cortex-m7 -std=gnu11 -g3 -DUSE_HAL_DRIVER -DSTM32F746xx -DUSE_STM32746G_DISCOVERY -c -I../../../Inc -I../../../Src -I../../../Drivers/CMSIS/Device/ST/STM32F7xx/Include -I../../../Drivers/STM32F7xx_HAL_Driver/Inc -I../../../Drivers/BSP/STM32746G-Discovery -I../../../Drivers/BSP/Components/Common -I../../../Drivers/BSP/Components -I../../../Middlewares/Third_Party/LwIP/src/include -I../../../Middlewares/Third_Party/LwIP/system -I../../../Middlewares/Third_Party/FreeRTOS/Source/portable/GCC/ARM_CM7/r0p1 -I../../../Middlewares/Third_Party/FreeRTOS/Source -I../../../Middlewares/Third_Party/FreeRTOS/Source/CMSIS_RTOS -I../../../Middlewares/Third_Party/FreeRTOS/Source/include -I../../../Utilities -I../../../Utilities/Log -I../../../Drivers/CMSIS/Include -Os -ffunction-sections -Wall -fstack-usage -MMD -MP -MF"Middlewares/LwIP/apps/http/httpd.d" -MT"Middlewares/LwIP/apps/http/httpd.o" --specs=nano.specs -mfpu=fpv5-sp-d16 -mfloat-abi=hard -mthumb -o "Middlewares/LwIP/apps/http/httpd.o"
arm-none-eabi-gcc "C:/Users/theon/OneDrive/CPE/Année 2021-2022/Environements communicants/workspace/LwIP_HTTP_Server_Netconn_RTOS/Middlewares/Third_Party/LwIP/src/netif/ethernet.c" -mcpu=cortex-m7 -std=gnu11 -g3 -DUSE_HAL_DRIVER -DSTM32F746xx -DUSE_STM32746G_DISCOVERY -c -I../../../Inc -I../../../Src -I../../../Drivers/CMSIS/Device/ST/STM32F7xx/Include -I../../../Drivers/STM32F7xx_HAL_Driver/Inc -I../../../Drivers/BSP/STM32746G-Discovery -I../../../Drivers/BSP/Components/Common -I../../../Drivers/BSP/Components -I../../../Middlewares/Third_Party/LwIP/src/include -I../../../Middlewares/Third_Party/LwIP/system -I../../../Middlewares/Third_Party/FreeRTOS/Source/portable/GCC/ARM_CM7/r0p1 -I../../../Middlewares/Third_Party/FreeRTOS/Source -I../../../Middlewares/Third_Party/FreeRTOS/Source/CMSIS_RTOS -I../../../Middlewares/Third_Party/FreeRTOS/Source/include -I../../../Utilities -I../../../Utilities/Log -I../../../Drivers/CMSIS/Include -Os -ffunction-sections -Wall -fstack-usage -MMD -MP -MF"Middlewares/LwIP/Netif/ethernet.d" -MT"Middlewares/LwIP/Netif/ethernet.o" --specs=nano.specs -mfpu=fpv5-sp-d16 -mfloat-abi=hard -mthumb -o "Middlewares/LwIP/Netif/ethernet.o"
arm-none-eabi-gcc "C:/Users/theon/OneDrive/CPE/Année 2021-2022/Environements communicants/workspace/LwIP_HTTP_Server_Netconn_RTOS/Middlewares/Third_Party/LwIP/system/OS/sys_arch.c" -mcpu=cortex-m7 -std=gnu11 -g3 -DUSE_HAL_DRIVER -DSTM32F746xx -DUSE_STM32746G_DISCOVERY -c -I../../../Inc -I../../../Src -I../../../Drivers/CMSIS/Device/ST/STM32F7xx/Include -I../../../Drivers/STM32F7xx_HAL_Driver/Inc -I../../../Drivers/BSP/STM32746G-Discovery -I../../../Drivers/BSP/Components/Common -I../../../Drivers/BSP/Components -I../../../Middlewares/Third_Party/LwIP/src/include -I../../../Middlewares/Third_Party/LwIP/system -I../../../Middlewares/Third_Party/FreeRTOS/Source/portable/GCC/ARM_CM7/r0p1 -I../../../Middlewares/Third_Party/FreeRTOS/Source -I../../../Middlewares/Third_Party/FreeRTOS/Source/CMSIS_RTOS -I../../../Middlewares/Third_Party/FreeRTOS/Source/include -I../../../Utilities -I../../../Utilities/Log -I../../../Drivers/CMSIS/Include -Os -ffunction-sections -Wall -fstack-usage -MMD -MP -MF"Middlewares/LwIP/Netif/sys_arch.d" -MT"Middlewares/LwIP/Netif/sys_arch.o" --specs=nano.specs -mfpu=fpv5-sp-d16 -mfloat-abi=hard -mthumb -o "Middlewares/LwIP/Netif/sys_arch.o"
arm-none-eabi-gcc "C:/Users/theon/OneDrive/CPE/Année 2021-2022/Environements communicants/workspace/LwIP_HTTP_Server_Netconn_RTOS/Middlewares/Third_Party/LwIP/src/core/ipv4/autoip.c" -mcpu=cortex-m7 -std=gnu11 -g3 -DUSE_HAL_DRIVER -DSTM32F746xx -DUSE_STM32746G_DISCOVERY -c -I../../../Inc -I../../../Src -I../../../Drivers/CMSIS/Device/ST/STM32F7xx/Include -I../../../Drivers/STM32F7xx_HAL_Driver/Inc -I../../../Drivers/BSP/STM32746G-Discovery -I../../../Drivers/BSP/Components/Common -I../../../Drivers/BSP/Components -I../../../Middlewares/Third_Party/LwIP/src/include -I../../../Middlewares/Third_Party/LwIP/system -I../../../Middlewares/Third_Party/FreeRTOS/Source/portable/GCC/ARM_CM7/r0p1 -I../../../Middlewares/Third_Party/FreeRTOS/Source -I../../../Middlewares/Third_Party/FreeRTOS/Source/CMSIS_RTOS -I../../../Middlewares/Third_Party/FreeRTOS/Source/include -I../../../Utilities -I../../../Utilities/Log -I../../../Drivers/CMSIS/Include -Os -ffunction-sections -Wall -fstack-usage -MMD -MP -MF"Middlewares/LwIP/Core/IPv4/autoip.d" -MT"Middlewares/LwIP/Core/IPv4/autoip.o" --specs=nano.specs -mfpu=fpv5-sp-d16 -mfloat-abi=hard -mthumb -o "Middlewares/LwIP/Core/IPv4/autoip.o"
arm-none-eabi-gcc "C:/Users/theon/OneDrive/CPE/Année 2021-2022/Environements communicants/workspace/LwIP_HTTP_Server_Netconn_RTOS/Middlewares/Third_Party/LwIP/src/core/ipv4/dhcp.c" -mcpu=cortex-m7 -std=gnu11 -g3 -DUSE_HAL_DRIVER -DSTM32F746xx -DUSE_STM32746G_DISCOVERY -c -I../../../Inc -I../../../Src -I../../../Drivers/CMSIS/Device/ST/STM32F7xx/Include -I../../../Drivers/STM32F7xx_HAL_Driver/Inc -I../../../Drivers/BSP/STM32746G-Discovery -I../../../Drivers/BSP/Components/Common -I../../../Drivers/BSP/Components -I../../../Middlewares/Third_Party/LwIP/src/include -I../../../Middlewares/Third_Party/LwIP/system -I../../../Middlewares/Third_Party/FreeRTOS/Source/portable/GCC/ARM_CM7/r0p1 -I../../../Middlewares/Third_Party/FreeRTOS/Source -I../../../Middlewares/Third_Party/FreeRTOS/Source/CMSIS_RTOS -I../../../Middlewares/Third_Party/FreeRTOS/Source/include -I../../../Utilities -I../../../Utilities/Log -I../../../Drivers/CMSIS/Include -Os -ffunction-sections -Wall -fstack-usage -MMD -MP -MF"Middlewares/LwIP/Core/IPv4/dhcp.d" -MT"Middlewares/LwIP/Core/IPv4/dhcp.o" --specs=nano.specs -mfpu=fpv5-sp-d16 -mfloat-abi=hard -mthumb -o "Middlewares/LwIP/Core/IPv4/dhcp.o"
arm-none-eabi-gcc "C:/Users/theon/OneDrive/CPE/Année 2021-2022/Environements communicants/workspace/LwIP_HTTP_Server_Netconn_RTOS/Middlewares/Third_Party/LwIP/src/core/ipv4/etharp.c" -mcpu=cortex-m7 -std=gnu11 -g3 -DUSE_HAL_DRIVER -DSTM32F746xx -DUSE_STM32746G_DISCOVERY -c -I../../../Inc -I../../../Src -I../../../Drivers/CMSIS/Device/ST/STM32F7xx/Include -I../../../Drivers/STM32F7xx_HAL_Driver/Inc -I../../../Drivers/BSP/STM32746G-Discovery -I../../../Drivers/BSP/Components/Common -I../../../Drivers/BSP/Components -I../../../Middlewares/Third_Party/LwIP/src/include -I../../../Middlewares/Third_Party/LwIP/system -I../../../Middlewares/Third_Party/FreeRTOS/Source/portable/GCC/ARM_CM7/r0p1 -I../../../Middlewares/Third_Party/FreeRTOS/Source -I../../../Middlewares/Third_Party/FreeRTOS/Source/CMSIS_RTOS -I../../../Middlewares/Third_Party/FreeRTOS/Source/include -I../../../Utilities -I../../../Utilities/Log -I../../../Drivers/CMSIS/Include -Os -ffunction-sections -Wall -fstack-usage -MMD -MP -MF"Middlewares/LwIP/Core/IPv4/etharp.d" -MT"Middlewares/LwIP/Core/IPv4/etharp.o" --specs=nano.specs -mfpu=fpv5-sp-d16 -mfloat-abi=hard -mthumb -o "Middlewares/LwIP/Core/IPv4/etharp.o"
arm-none-eabi-gcc "C:/Users/theon/OneDrive/CPE/Année 2021-2022/Environements communicants/workspace/LwIP_HTTP_Server_Netconn_RTOS/Middlewares/Third_Party/LwIP/src/core/ipv4/icmp.c" -mcpu=cortex-m7 -std=gnu11 -g3 -DUSE_HAL_DRIVER -DSTM32F746xx -DUSE_STM32746G_DISCOVERY -c -I../../../Inc -I../../../Src -I../../../Drivers/CMSIS/Device/ST/STM32F7xx/Include -I../../../Drivers/STM32F7xx_HAL_Driver/Inc -I../../../Drivers/BSP/STM32746G-Discovery -I../../../Drivers/BSP/Components/Common -I../../../Drivers/BSP/Components -I../../../Middlewares/Third_Party/LwIP/src/include -I../../../Middlewares/Third_Party/LwIP/system -I../../../Middlewares/Third_Party/FreeRTOS/Source/portable/GCC/ARM_CM7/r0p1 -I../../../Middlewares/Third_Party/FreeRTOS/Source -I../../../Middlewares/Third_Party/FreeRTOS/Source/CMSIS_RTOS -I../../../Middlewares/Third_Party/FreeRTOS/Source/include -I../../../Utilities -I../../../Utilities/Log -I../../../Drivers/CMSIS/Include -Os -ffunction-sections -Wall -fstack-usage -MMD -MP -MF"Middlewares/LwIP/Core/IPv4/icmp.d" -MT"Middlewares/LwIP/Core/IPv4/icmp.o" --specs=nano.specs -mfpu=fpv5-sp-d16 -mfloat-abi=hard -mthumb -o "Middlewares/LwIP/Core/IPv4/icmp.o"
arm-none-eabi-gcc "C:/Users/theon/OneDrive/CPE/Année 2021-2022/Environements communicants/workspace/LwIP_HTTP_Server_Netconn_RTOS/Middlewares/Third_Party/LwIP/src/core/ipv4/igmp.c" -mcpu=cortex-m7 -std=gnu11 -g3 -DUSE_HAL_DRIVER -DSTM32F746xx -DUSE_STM32746G_DISCOVERY -c -I../../../Inc -I../../../Src -I../../../Drivers/CMSIS/Device/ST/STM32F7xx/Include -I../../../Drivers/STM32F7xx_HAL_Driver/Inc -I../../../Drivers/BSP/STM32746G-Discovery -I../../../Drivers/BSP/Components/Common -I../../../Drivers/BSP/Components -I../../../Middlewares/Third_Party/LwIP/src/include -I../../../Middlewares/Third_Party/LwIP/system -I../../../Middlewares/Third_Party/FreeRTOS/Source/portable/GCC/ARM_CM7/r0p1 -I../../../Middlewares/Third_Party/FreeRTOS/Source -I../../../Middlewares/Third_Party/FreeRTOS/Source/CMSIS_RTOS -I../../../Middlewares/Third_Party/FreeRTOS/Source/include -I../../../Utilities -I../../../Utilities/Log -I../../../Drivers/CMSIS/Include -Os -ffunction-sections -Wall -fstack-usage -MMD -MP -MF"Middlewares/LwIP/Core/IPv4/igmp.d" -MT"Middlewares/LwIP/Core/IPv4/igmp.o" --specs=nano.specs -mfpu=fpv5-sp-d16 -mfloat-abi=hard -mthumb -o "Middlewares/LwIP/Core/IPv4/igmp.o"
arm-none-eabi-gcc "C:/Users/theon/OneDrive/CPE/Année 2021-2022/Environements communicants/workspace/LwIP_HTTP_Server_Netconn_RTOS/Middlewares/Third_Party/LwIP/src/core/ipv4/ip4.c" -mcpu=cortex-m7 -std=gnu11 -g3 -DUSE_HAL_DRIVER -DSTM32F746xx -DUSE_STM32746G_DISCOVERY -c -I../../../Inc -I../../../Src -I../../../Drivers/CMSIS/Device/ST/STM32F7xx/Include -I../../../Drivers/STM32F7xx_HAL_Driver/Inc -I../../../Drivers/BSP/STM32746G-Discovery -I../../../Drivers/BSP/Components/Common -I../../../Drivers/BSP/Components -I../../../Middlewares/Third_Party/LwIP/src/include -I../../../Middlewares/Third_Party/LwIP/system -I../../../Middlewares/Third_Party/FreeRTOS/Source/portable/GCC/ARM_CM7/r0p1 -I../../../Middlewares/Third_Party/FreeRTOS/Source -I../../../Middlewares/Third_Party/FreeRTOS/Source/CMSIS_RTOS -I../../../Middlewares/Third_Party/FreeRTOS/Source/include -I../../../Utilities -I../../../Utilities/Log -I../../../Drivers/CMSIS/Include -Os -ffunction-sections -Wall -fstack-usage -MMD -MP -MF"Middlewares/LwIP/Core/IPv4/ip4.d" -MT"Middlewares/LwIP/Core/IPv4/ip4.o" --specs=nano.specs -mfpu=fpv5-sp-d16 -mfloat-abi=hard -mthumb -o "Middlewares/LwIP/Core/IPv4/ip4.o"
arm-none-eabi-gcc "C:/Users/theon/OneDrive/CPE/Année 2021-2022/Environements communicants/workspace/LwIP_HTTP_Server_Netconn_RTOS/Middlewares/Third_Party/LwIP/src/core/ipv4/ip4_addr.c" -mcpu=cortex-m7 -std=gnu11 -g3 -DUSE_HAL_DRIVER -DSTM32F746xx -DUSE_STM32746G_DISCOVERY -c -I../../../Inc -I../../../Src -I../../../Drivers/CMSIS/Device/ST/STM32F7xx/Include -I../../../Drivers/STM32F7xx_HAL_Driver/Inc -I../../../Drivers/BSP/STM32746G-Discovery -I../../../Drivers/BSP/Components/Common -I../../../Drivers/BSP/Components -I../../../Middlewares/Third_Party/LwIP/src/include -I../../../Middlewares/Third_Party/LwIP/system -I../../../Middlewares/Third_Party/FreeRTOS/Source/portable/GCC/ARM_CM7/r0p1 -I../../../Middlewares/Third_Party/FreeRTOS/Source -I../../../Middlewares/Third_Party/FreeRTOS/Source/CMSIS_RTOS -I../../../Middlewares/Third_Party/FreeRTOS/Source/include -I../../../Utilities -I../../../Utilities/Log -I../../../Drivers/CMSIS/Include -Os -ffunction-sections -Wall -fstack-usage -MMD -MP -MF"Middlewares/LwIP/Core/IPv4/ip4_addr.d" -MT"Middlewares/LwIP/Core/IPv4/ip4_addr.o" --specs=nano.specs -mfpu=fpv5-sp-d16 -mfloat-abi=hard -mthumb -o "Middlewares/LwIP/Core/IPv4/ip4_addr.o"
arm-none-eabi-gcc "C:/Users/theon/OneDrive/CPE/Année 2021-2022/Environements communicants/workspace/LwIP_HTTP_Server_Netconn_RTOS/Middlewares/Third_Party/LwIP/src/core/ipv4/ip4_frag.c" -mcpu=cortex-m7 -std=gnu11 -g3 -DUSE_HAL_DRIVER -DSTM32F746xx -DUSE_STM32746G_DISCOVERY -c -I../../../Inc -I../../../Src -I../../../Drivers/CMSIS/Device/ST/STM32F7xx/Include -I../../../Drivers/STM32F7xx_HAL_Driver/Inc -I../../../Drivers/BSP/STM32746G-Discovery -I../../../Drivers/BSP/Components/Common -I../../../Drivers/BSP/Components -I../../../Middlewares/Third_Party/LwIP/src/include -I../../../Middlewares/Third_Party/LwIP/system -I../../../Middlewares/Third_Party/FreeRTOS/Source/portable/GCC/ARM_CM7/r0p1 -I../../../Middlewares/Third_Party/FreeRTOS/Source -I../../../Middlewares/Third_Party/FreeRTOS/Source/CMSIS_RTOS -I../../../Middlewares/Third_Party/FreeRTOS/Source/include -I../../../Utilities -I../../../Utilities/Log -I../../../Drivers/CMSIS/Include -Os -ffunction-sections -Wall -fstack-usage -MMD -MP -MF"Middlewares/LwIP/Core/IPv4/ip4_frag.d" -MT"Middlewares/LwIP/Core/IPv4/ip4_frag.o" --specs=nano.specs -mfpu=fpv5-sp-d16 -mfloat-abi=hard -mthumb -o "Middlewares/LwIP/Core/IPv4/ip4_frag.o"
arm-none-eabi-gcc: error: C:/Users/theon/OneDrive/CPE/Ann??e 2021-2022/Environements communicants/workspace/LwIP_HTTP_Server_Netconn_RTOS/Middlewares/Third_Party/LwIP/system/OS/sys_arch.c: Invalid argument
arm-none-eabi-gcc: fatal error: no input files
compilation terminated.
arm-none-eabi-gcc: error: C:/Users/theon/OneDrive/CPE/Ann??e 2021-2022/Environements communicants/workspace/LwIP_HTTP_Server_Netconn_RTOS/Middlewares/Third_Party/LwIP/src/netif/ethernet.c: Invalid argument
arm-none-eabi-gcc: fatal error: no input files
compilation terminated.
arm-none-eabi-gcc: error: C:/Users/theon/OneDrive/CPE/Ann??e 2021-2022/Environements communicants/workspace/LwIP_HTTP_Server_Netconn_RTOS/Middlewares/Third_Party/LwIP/src/apps/http/fs.c: Invalid argument
arm-none-eabi-gcc: error: C:/Users/theon/OneDrive/CPE/Ann??e 2021-2022/Environements communicants/workspace/LwIP_HTTP_Server_Netconn_RTOS/Middlewares/Third_Party/LwIP/src/core/ipv4/autoip.c: Invalid argument
arm-none-eabi-gcc: fatal error: no input files
arm-none-eabi-gcc: fatal error: no input files
compilation terminated.
arm-none-eabi-gcc: error: C:/Users/theon/OneDrive/CPE/Ann??e 2021-2022/Environements communicants/workspace/LwIP_HTTP_Server_Netconn_RTOS/Middlewares/Third_Party/LwIP/src/core/ipv4/etharp.c: Invalid argument
arm-none-eabi-gcc: fatal error: no input files
compilation terminated.
arm-none-eabi-gcc: error: C:/Users/theon/OneDrive/CPE/Ann??e 2021-2022/Environements communicants/workspace/LwIP_HTTP_Server_Netconn_RTOS/Middlewares/Third_Party/LwIP/src/core/ipv4/dhcp.c: Invalid argument
arm-none-eabi-gcc: fatal error: no input files
compilation terminated.
compilation terminated.
arm-none-eabi-gcc: error: C:/Users/theon/OneDrive/CPE/Ann??e 2021-2022/Environements communicants/workspace/LwIP_HTTP_Server_Netconn_RTOS/Middlewares/Third_Party/LwIP/src/core/ipv4/igmp.c: Invalid argument
arm-none-eabi-gcc: error: C:/Users/theon/OneDrive/CPE/Ann??e 2021-2022/Environements communicants/workspace/LwIP_HTTP_Server_Netconn_RTOS/Middlewares/Third_Party/LwIP/src/apps/http/httpd.c: Invalid argument
make: *** [Middlewares/LwIP/Netif/subdir.mk:24: Middlewares/LwIP/Netif/sys_arch.o] Error 1
make: *** Waiting for unfinished jobs....
arm-none-eabi-gcc: fatal error: no input files
compilation terminated.
arm-none-eabi-gcc: fatal error: no input files
compilation terminated.
make: *** [Middlewares/LwIP/Netif/subdir.mk:22: Middlewares/LwIP/Netif/ethernet.o] Error 1
make: *** [Middlewares/LwIP/Core/IPv4/subdir.mk:40: Middlewares/LwIP/Core/IPv4/autoip.o] Error 1
make: *** [Middlewares/LwIP/Core/IPv4/subdir.mk:42: Middlewares/LwIP/Core/IPv4/dhcp.o] Error 1
make: *** [Middlewares/LwIP/Core/IPv4/subdir.mk:44: Middlewares/LwIP/Core/IPv4/etharp.o] Error 1
make: *** [Middlewares/LwIP/Core/IPv4/subdir.mk:48: Middlewares/LwIP/Core/IPv4/igmp.o] Error 1
make: *** [Middlewares/LwIP/apps/http/subdir.mk:22: Middlewares/LwIP/apps/http/fs.o] Error 1
make: *** [Middlewares/LwIP/apps/http/subdir.mk:24: Middlewares/LwIP/apps/http/httpd.o] Error 1
arm-none-eabi-gcc: error: C:/Users/theon/OneDrive/CPE/Ann??e 2021-2022/Environements communicants/workspace/LwIP_HTTP_Server_Netconn_RTOS/Middlewares/Third_Party/LwIP/src/core/ipv4/icmp.c: Invalid argument
arm-none-eabi-gcc: fatal error: no input files
compilation terminated.
arm-none-eabi-gcc: error: C:/Users/theon/OneDrive/CPE/Ann??e 2021-2022/Environements communicants/workspace/LwIP_HTTP_Server_Netconn_RTOS/Middlewares/Third_Party/LwIP/src/core/ipv4/ip4_addr.c: Invalid argument
make: *** [Middlewares/LwIP/Core/IPv4/subdir.mk:46: Middlewares/LwIP/Core/IPv4/icmp.o] Error 1
arm-none-eabi-gcc: fatal error: no input files
compilation terminated.
arm-none-eabi-gcc: error: C:/Users/theon/OneDrive/CPE/Ann??e 2021-2022/Environements communicants/workspace/LwIP_HTTP_Server_Netconn_RTOS/Middlewares/Third_Party/LwIP/src/core/ipv4/ip4.c: Invalid argument
arm-none-eabi-gcc: fatal error: no input files
compilation terminated.
make: *** [Middlewares/LwIP/Core/IPv4/subdir.mk:52: Middlewares/LwIP/Core/IPv4/ip4_addr.o] Error 1
make: *** [Middlewares/LwIP/Core/IPv4/subdir.mk:50: Middlewares/LwIP/Core/IPv4/ip4.o] Error 1
arm-none-eabi-gcc: error: C:/Users/theon/OneDrive/CPE/Ann??e 2021-2022/Environements communicants/workspace/LwIP_HTTP_Server_Netconn_RTOS/Middlewares/Third_Party/LwIP/src/core/ipv4/ip4_frag.c: Invalid argument
arm-none-eabi-gcc: fatal error: no input files
compilation terminated.
make: *** [Middlewares/LwIP/Core/IPv4/subdir.mk:54: Middlewares/LwIP/Core/IPv4/ip4_frag.o] Error 1
"make -j12 all" terminated with exit code 2. Build might be incomplete.

10:00:59 Build Failed. 13 errors, 0 warnings. (took 552ms)

